Using pre-set license
Built from '2020.3/staging' branch; Version is '2020.3.28f1 (f5400f52e03f) revision 16072719'; Using compiler version '192528614'; Build Type 'Release'
OS: 'Windows 10  (10.0.19044) 64bit Core' Language: 'en' Physical Memory: 16168 MB
BatchMode: 1, IsHumanControllingUs: 0, StartBugReporterOnCrash: 0, Is64bit: 1, IsPro: 0

COMMAND LINE ARGUMENTS:
C:\Program Files\Unity\Hub\Editor\2020.3.28f1\Editor\Unity.exe
-adb2
-batchMode
-noUpm
-name
AssetImportWorker0
-projectPath
C:/Users/gscli/Documents/GitHub/Emily_Clinkscales_Roll-A-Ball-Tutorials/Emily_Clinkscales_Roll-A-Ball-Tutorials
-logFile
Logs/AssetImportWorker0.log
-srvPort
51327
Successfully changed project path to: C:/Users/gscli/Documents/GitHub/Emily_Clinkscales_Roll-A-Ball-Tutorials/Emily_Clinkscales_Roll-A-Ball-Tutorials
C:/Users/gscli/Documents/GitHub/Emily_Clinkscales_Roll-A-Ball-Tutorials/Emily_Clinkscales_Roll-A-Ball-Tutorials
Using Asset Import Pipeline V2.
Refreshing native plugins compatible for Editor in 62.93 ms, found 2 plugins.
Preloading 0 native plugins for Editor in 0.00 ms.
Initialize engine version: 2020.3.28f1 (f5400f52e03f)
[Subsystems] Discovering subsystems at path C:/Program Files/Unity/Hub/Editor/2020.3.28f1/Editor/Data/Resources/UnitySubsystems
[Subsystems] Discovering subsystems at path C:/Users/gscli/Documents/GitHub/Emily_Clinkscales_Roll-A-Ball-Tutorials/Emily_Clinkscales_Roll-A-Ball-Tutorials/Assets
GfxDevice: creating device client; threaded=0
Direct3D:
    Version:  Direct3D 11.0 [level 11.1]
    Renderer: NVIDIA GeForce RTX 2070 Super (ID=0x1e91)
    Vendor:   
    VRAM:     8012 MB
    Driver:   30.0.15.1165
Initialize mono
Mono path[0] = 'C:/Program Files/Unity/Hub/Editor/2020.3.28f1/Editor/Data/Managed'
Mono path[1] = 'C:/Program Files/Unity/Hub/Editor/2020.3.28f1/Editor/Data/MonoBleedingEdge/lib/mono/unityjit'
Mono config path = 'C:/Program Files/Unity/Hub/Editor/2020.3.28f1/Editor/Data/MonoBleedingEdge/etc'
Using monoOptions --debugger-agent=transport=dt_socket,embedding=1,server=y,suspend=n,address=127.0.0.1:56088
Begin MonoManager ReloadAssembly
Registering precompiled unity dll's ...
Register platform support module: C:/Program Files/Unity/Hub/Editor/2020.3.28f1/Editor/Data/PlaybackEngines/WebGLSupport/UnityEditor.WebGL.Extensions.dll
Register platform support module: C:/Program Files/Unity/Hub/Editor/2020.3.28f1/Editor/Data/PlaybackEngines/WindowsStandaloneSupport/UnityEditor.WindowsStandalone.Extensions.dll
Registered in 0.003395 seconds.
Native extension for WindowsStandalone target not found
Native extension for WebGL target not found
Refreshing native plugins compatible for Editor in 45.12 ms, found 2 plugins.
Preloading 0 native plugins for Editor in 0.00 ms.
Mono: successfully reloaded assembly
- Completed reload, in  0.628 seconds
Domain Reload Profiling:
	ReloadAssembly (628ms)
		BeginReloadAssembly (85ms)
			ExecutionOrderSort (0ms)
			DisableScriptedObjects (0ms)
			BackupInstance (0ms)
			ReleaseScriptingObjects (0ms)
			CreateAndSetChildDomain (1ms)
		EndReloadAssembly (458ms)
			LoadAssemblies (82ms)
			RebuildTransferFunctionScriptingTraits (0ms)
			SetupTypeCache (149ms)
			ReleaseScriptCaches (0ms)
			RebuildScriptCaches (30ms)
			SetupLoadedEditorAssemblies (175ms)
				LogAssemblyErrors (0ms)
				InitializePlatformSupportModulesInManaged (5ms)
				SetLoadedEditorAssemblies (0ms)
				RefreshPlugins (45ms)
				BeforeProcessingInitializeOnLoad (8ms)
				ProcessInitializeOnLoadAttributes (86ms)
				ProcessInitializeOnLoadMethodAttributes (29ms)
				AfterProcessingInitializeOnLoad (0ms)
				EditorAssembliesLoaded (0ms)
			ExecutionOrderSort2 (0ms)
			AwakeInstancesAfterBackupRestoration (0ms)
Platform modules already initialized, skipping
Registering precompiled user dll's ...
Registered in 0.006855 seconds.
Begin MonoManager ReloadAssembly
Native extension for WindowsStandalone target not found
Native extension for WebGL target not found
Refreshing native plugins compatible for Editor in 45.99 ms, found 2 plugins.
Preloading 0 native plugins for Editor in 0.00 ms.
Mono: successfully reloaded assembly
- Completed reload, in  1.188 seconds
Domain Reload Profiling:
	ReloadAssembly (1189ms)
		BeginReloadAssembly (167ms)
			ExecutionOrderSort (0ms)
			DisableScriptedObjects (5ms)
			BackupInstance (0ms)
			ReleaseScriptingObjects (0ms)
			CreateAndSetChildDomain (18ms)
		EndReloadAssembly (958ms)
			LoadAssemblies (114ms)
			RebuildTransferFunctionScriptingTraits (0ms)
			SetupTypeCache (302ms)
			ReleaseScriptCaches (0ms)
			RebuildScriptCaches (46ms)
			SetupLoadedEditorAssemblies (392ms)
				LogAssemblyErrors (0ms)
				InitializePlatformSupportModulesInManaged (5ms)
				SetLoadedEditorAssemblies (0ms)
				RefreshPlugins (46ms)
				BeforeProcessingInitializeOnLoad (71ms)
				ProcessInitializeOnLoadAttributes (251ms)
				ProcessInitializeOnLoadMethodAttributes (8ms)
				AfterProcessingInitializeOnLoad (9ms)
				EditorAssembliesLoaded (0ms)
			ExecutionOrderSort2 (0ms)
			AwakeInstancesAfterBackupRestoration (6ms)
Platform modules already initialized, skipping
========================================================================
Worker process is ready to serve import requests
Launched and connected shader compiler UnityShaderCompiler.exe after 0.06 seconds
Refreshing native plugins compatible for Editor in 0.45 ms, found 2 plugins.
Preloading 0 native plugins for Editor in 0.00 ms.
Unloading 2323 Unused Serialized files (Serialized files now loaded: 0)
System memory in use before: 106.6 MB.
System memory in use after: 106.7 MB.

Unloading 23 unused Assets to reduce memory usage. Loaded Objects now: 2758.
Total: 3.688900 ms (FindLiveObjects: 0.197400 ms CreateObjectMapping: 0.112200 ms MarkObjects: 3.257800 ms  DeleteObjects: 0.120700 ms)

AssetImportParameters requested are different than current active one (requested -> active):
  custom:framework-win-MediaFoundation: 216162199b28c13a410421893ffa2e32 -> 
  custom:video-decoder-ogg-theora: a1e56fd34408186e4bbccfd4996cb3dc -> 
  custom:container-muxer-webm: aa71ff27fc2769a1b78a27578f13a17b -> 
  custom:container-demuxer-webm: 4f35f7cbe854078d1ac9338744f61a02 -> 
  custom:container-demuxer-ogg: 62fdf1f143b41e24485cea50d1cbac27 -> 
  custom:video-encoder-webm-vp8: eb34c28f22e8b96e1ab97ce403110664 -> 
  custom:video-codec-MediaFoundation-h265: 746d11721c4dcdbdad8f713fa42b33f4 -> 
  custom:video-decoder-webm-vp8: 9c59270c3fd7afecdb556c50c9e8de78 -> 
  custom:audio-decoder-ogg-vorbis: bf7c407c2cedff20999df2af8eb42d56 -> 
  custom:audio-encoder-webm-vorbis: bf7c407c2cedff20999df2af8eb42d56 -> 
========================================================================
Received Import Request.
  path: Assets/Materials/Walls.mat
  artifactKey: Guid(e0d5bae41dc8dcd44bf30ff5fd2d307a) Importer(815301076,1909f56bfc062723c751e8b465ee728b)
Start importing Assets/Materials/Walls.mat using Guid(e0d5bae41dc8dcd44bf30ff5fd2d307a) Importer(815301076,1909f56bfc062723c751e8b465ee728b)  -> (artifact id: '012aa0fe34876e3779ff91d59cb4d18c') in 0.114248 seconds 
  Import took 0.118078 seconds .

========================================================================
Received Import Request.
  Time since last request: 93.745008 seconds.
  path: Assets/Materials/Walls.mat
  artifactKey: Guid(e0d5bae41dc8dcd44bf30ff5fd2d307a) Importer(815301076,1909f56bfc062723c751e8b465ee728b)
Start importing Assets/Materials/Walls.mat using Guid(e0d5bae41dc8dcd44bf30ff5fd2d307a) Importer(815301076,1909f56bfc062723c751e8b465ee728b)  -> (artifact id: '000c466799bc63547ea57531e70ac66d') in 0.023927 seconds 
  Import took 0.029088 seconds .

========================================================================
Received Import Request.
  Time since last request: 7.121276 seconds.
  path: Assets/Materials/Walls.mat
  artifactKey: Guid(e0d5bae41dc8dcd44bf30ff5fd2d307a) Importer(815301076,1909f56bfc062723c751e8b465ee728b)
Start importing Assets/Materials/Walls.mat using Guid(e0d5bae41dc8dcd44bf30ff5fd2d307a) Importer(815301076,1909f56bfc062723c751e8b465ee728b)  -> (artifact id: '61c7de5b076b9db5c6e07d1fb71a3cb8') in 0.016028 seconds 
  Import took 0.031690 seconds .

========================================================================
Received Import Request.
  Time since last request: 183.710662 seconds.
  path: Assets/Models/Prefabs
  artifactKey: Guid(4ffc97e627a058142acbfbbe0ec0cf9b) Importer(815301076,1909f56bfc062723c751e8b465ee728b)
Start importing Assets/Models/Prefabs using Guid(4ffc97e627a058142acbfbbe0ec0cf9b) Importer(815301076,1909f56bfc062723c751e8b465ee728b)  -> (artifact id: 'ed2124247fab6cd37d359d25a924a6ce') in 0.006724 seconds 
  Import took 0.011574 seconds .

========================================================================
Received Import Request.
  Time since last request: 72.276716 seconds.
  path: Assets/Materials/PickUp.mat
  artifactKey: Guid(51daeb9159011084697f0159e88145c7) Importer(815301076,1909f56bfc062723c751e8b465ee728b)
Start importing Assets/Materials/PickUp.mat using Guid(51daeb9159011084697f0159e88145c7) Importer(815301076,1909f56bfc062723c751e8b465ee728b)  -> (artifact id: '1603c0c53a9b8f2f4b9a005fdb015f37') in 0.017605 seconds 
  Import took 0.022880 seconds .

========================================================================
Received Import Request.
  Time since last request: 71.805158 seconds.
  path: Assets/Materials/PickUp.mat
  artifactKey: Guid(51daeb9159011084697f0159e88145c7) Importer(815301076,1909f56bfc062723c751e8b465ee728b)
Start importing Assets/Materials/PickUp.mat using Guid(51daeb9159011084697f0159e88145c7) Importer(815301076,1909f56bfc062723c751e8b465ee728b)  -> (artifact id: 'ad2359b4a9e3dfabfa22a2304c45fb0b') in 0.028847 seconds 
  Import took 0.033354 seconds .

========================================================================
Received Import Request.
  Time since last request: 77.905054 seconds.
  path: Assets/Models/Prefabs/PickUp.prefab
  artifactKey: Guid(5c0aabaa62a0bdb468cc49ff26137fc6) Importer(815301076,1909f56bfc062723c751e8b465ee728b)
Start importing Assets/Models/Prefabs/PickUp.prefab using Guid(5c0aabaa62a0bdb468cc49ff26137fc6) Importer(815301076,1909f56bfc062723c751e8b465ee728b)  -> (artifact id: 'fe55f883c3b110c3c06a82d4741cd93a') in 0.040812 seconds 
  Import took 0.045895 seconds .

========================================================================
Received Import Request.
  Time since last request: 308.146987 seconds.
  path: Assets/Models/Prefabs/PickUp Orb.prefab
  artifactKey: Guid(5c0aabaa62a0bdb468cc49ff26137fc6) Importer(815301076,1909f56bfc062723c751e8b465ee728b)
Start importing Assets/Models/Prefabs/PickUp Orb.prefab using Guid(5c0aabaa62a0bdb468cc49ff26137fc6) Importer(815301076,1909f56bfc062723c751e8b465ee728b)  -> (artifact id: '0c8cb26e61e558ed72b8a4a0cc9714cb') in 0.019776 seconds 
  Import took 0.025465 seconds .

========================================================================
Received Import Request.
  Time since last request: 60.703893 seconds.
  path: Assets/Models/Prefabs/PickUp Cube.prefab
  artifactKey: Guid(8af507e57e3bfe548ba606096bc9e519) Importer(815301076,1909f56bfc062723c751e8b465ee728b)
Start importing Assets/Models/Prefabs/PickUp Cube.prefab using Guid(8af507e57e3bfe548ba606096bc9e519) Importer(815301076,1909f56bfc062723c751e8b465ee728b)  -> (artifact id: 'd798f27cd842c66e9a451fabbce353d2') in 0.017129 seconds 
  Import took 0.033180 seconds .

========================================================================
Received Import Request.
  Time since last request: 19.958204 seconds.
  path: Assets/Scripts/Rotator.cs
  artifactKey: Guid(a0efdedacf56cd74db50a2bfbb777b35) Importer(815301076,1909f56bfc062723c751e8b465ee728b)
Start importing Assets/Scripts/Rotator.cs using Guid(a0efdedacf56cd74db50a2bfbb777b35) Importer(815301076,1909f56bfc062723c751e8b465ee728b)  -> (artifact id: '672063d9a3c5d34b4526a518f04c9a66') in 0.028450 seconds 
  Import took 0.033787 seconds .

========================================================================
Received Prepare
Registering precompiled user dll's ...
Registered in 0.007471 seconds.
Begin MonoManager ReloadAssembly
Native extension for WindowsStandalone target not found
Native extension for WebGL target not found
Refreshing native plugins compatible for Editor in 0.49 ms, found 2 plugins.
Preloading 0 native plugins for Editor in 0.00 ms.
Mono: successfully reloaded assembly
- Completed reload, in  1.446 seconds
Domain Reload Profiling:
	ReloadAssembly (1447ms)
		BeginReloadAssembly (180ms)
			ExecutionOrderSort (0ms)
			DisableScriptedObjects (6ms)
			BackupInstance (0ms)
			ReleaseScriptingObjects (0ms)
			CreateAndSetChildDomain (46ms)
		EndReloadAssembly (1183ms)
			LoadAssemblies (138ms)
			RebuildTransferFunctionScriptingTraits (0ms)
			SetupTypeCache (413ms)
			ReleaseScriptCaches (1ms)
			RebuildScriptCaches (48ms)
			SetupLoadedEditorAssemblies (476ms)
				LogAssemblyErrors (0ms)
				InitializePlatformSupportModulesInManaged (5ms)
				SetLoadedEditorAssemblies (1ms)
				RefreshPlugins (1ms)
				BeforeProcessingInitializeOnLoad (62ms)
				ProcessInitializeOnLoadAttributes (385ms)
				ProcessInitializeOnLoadMethodAttributes (11ms)
				AfterProcessingInitializeOnLoad (12ms)
				EditorAssembliesLoaded (0ms)
			ExecutionOrderSort2 (0ms)
			AwakeInstancesAfterBackupRestoration (9ms)
Platform modules already initialized, skipping
Refreshing native plugins compatible for Editor in 0.58 ms, found 2 plugins.
Preloading 0 native plugins for Editor in 0.00 ms.
Unloading 2269 Unused Serialized files (Serialized files now loaded: 0)
System memory in use before: 105.0 MB.
System memory in use after: 105.2 MB.

Unloading 16 unused Assets to reduce memory usage. Loaded Objects now: 2803.
Total: 3.685000 ms (FindLiveObjects: 0.214000 ms CreateObjectMapping: 0.130200 ms MarkObjects: 3.245500 ms  DeleteObjects: 0.094500 ms)

AssetImportParameters requested are different than current active one (requested -> active):
  custom:framework-win-MediaFoundation: 216162199b28c13a410421893ffa2e32 -> 
  custom:video-decoder-ogg-theora: a1e56fd34408186e4bbccfd4996cb3dc -> 
  custom:container-muxer-webm: aa71ff27fc2769a1b78a27578f13a17b -> 
  custom:container-demuxer-webm: 4f35f7cbe854078d1ac9338744f61a02 -> 
  custom:container-demuxer-ogg: 62fdf1f143b41e24485cea50d1cbac27 -> 
  custom:video-encoder-webm-vp8: eb34c28f22e8b96e1ab97ce403110664 -> 
  custom:video-codec-MediaFoundation-h265: 746d11721c4dcdbdad8f713fa42b33f4 -> 
  custom:video-decoder-webm-vp8: 9c59270c3fd7afecdb556c50c9e8de78 -> 
  custom:audio-decoder-ogg-vorbis: bf7c407c2cedff20999df2af8eb42d56 -> 
  custom:audio-encoder-webm-vorbis: bf7c407c2cedff20999df2af8eb42d56 -> 
========================================================================
Received Prepare
Registering precompiled user dll's ...
Registered in 0.008362 seconds.
Begin MonoManager ReloadAssembly
Native extension for WindowsStandalone target not found
Native extension for WebGL target not found
Refreshing native plugins compatible for Editor in 0.49 ms, found 2 plugins.
Preloading 0 native plugins for Editor in 0.00 ms.
Mono: successfully reloaded assembly
- Completed reload, in  1.305 seconds
Domain Reload Profiling:
	ReloadAssembly (1306ms)
		BeginReloadAssembly (190ms)
			ExecutionOrderSort (0ms)
			DisableScriptedObjects (6ms)
			BackupInstance (0ms)
			ReleaseScriptingObjects (0ms)
			CreateAndSetChildDomain (53ms)
		EndReloadAssembly (1024ms)
			LoadAssemblies (163ms)
			RebuildTransferFunctionScriptingTraits (0ms)
			SetupTypeCache (388ms)
			ReleaseScriptCaches (1ms)
			RebuildScriptCaches (42ms)
			SetupLoadedEditorAssemblies (349ms)
				LogAssemblyErrors (0ms)
				InitializePlatformSupportModulesInManaged (5ms)
				SetLoadedEditorAssemblies (1ms)
				RefreshPlugins (1ms)
				BeforeProcessingInitializeOnLoad (62ms)
				ProcessInitializeOnLoadAttributes (259ms)
				ProcessInitializeOnLoadMethodAttributes (9ms)
				AfterProcessingInitializeOnLoad (11ms)
				EditorAssembliesLoaded (0ms)
			ExecutionOrderSort2 (0ms)
			AwakeInstancesAfterBackupRestoration (8ms)
Platform modules already initialized, skipping
Refreshing native plugins compatible for Editor in 0.63 ms, found 2 plugins.
Preloading 0 native plugins for Editor in 0.00 ms.
Unloading 2269 Unused Serialized files (Serialized files now loaded: 0)
System memory in use before: 105.1 MB.
System memory in use after: 105.2 MB.

Unloading 16 unused Assets to reduce memory usage. Loaded Objects now: 2805.
Total: 3.853900 ms (FindLiveObjects: 0.218500 ms CreateObjectMapping: 0.124200 ms MarkObjects: 3.420000 ms  DeleteObjects: 0.090300 ms)

AssetImportParameters requested are different than current active one (requested -> active):
  custom:framework-win-MediaFoundation: 216162199b28c13a410421893ffa2e32 -> 
  custom:video-decoder-ogg-theora: a1e56fd34408186e4bbccfd4996cb3dc -> 
  custom:container-muxer-webm: aa71ff27fc2769a1b78a27578f13a17b -> 
  custom:container-demuxer-webm: 4f35f7cbe854078d1ac9338744f61a02 -> 
  custom:container-demuxer-ogg: 62fdf1f143b41e24485cea50d1cbac27 -> 
  custom:video-encoder-webm-vp8: eb34c28f22e8b96e1ab97ce403110664 -> 
  custom:video-codec-MediaFoundation-h265: 746d11721c4dcdbdad8f713fa42b33f4 -> 
  custom:video-decoder-webm-vp8: 9c59270c3fd7afecdb556c50c9e8de78 -> 
  custom:audio-decoder-ogg-vorbis: bf7c407c2cedff20999df2af8eb42d56 -> 
  custom:audio-encoder-webm-vorbis: bf7c407c2cedff20999df2af8eb42d56 -> 
========================================================================
Received Import Request.
  Time since last request: 154.413516 seconds.
  path: Assets/Scripts/Rotator.cs
  artifactKey: Guid(a0efdedacf56cd74db50a2bfbb777b35) Importer(815301076,1909f56bfc062723c751e8b465ee728b)
Start importing Assets/Scripts/Rotator.cs using Guid(a0efdedacf56cd74db50a2bfbb777b35) Importer(815301076,1909f56bfc062723c751e8b465ee728b)  -> (artifact id: '67d6b18715d9f016e4277238a38134cc') in 0.009288 seconds 
  Import took 0.024496 seconds .

========================================================================
Received Import Request.
  Time since last request: 28.341391 seconds.
  path: ProjectSettings/TagManager.asset
  artifactKey: Guid(00000000000000003000000000000000) Importer(815301076,1909f56bfc062723c751e8b465ee728b)
Start importing ProjectSettings/TagManager.asset using Guid(00000000000000003000000000000000) Importer(815301076,1909f56bfc062723c751e8b465ee728b)  -> (artifact id: 'ce6a35c3cddc746e7501c0bd0ed6d4ce') in 0.026045 seconds 
  Import took 0.031448 seconds .

AssetImportWorkerClient::OnTransportError - code=2 error=End of file
